  [1m[35m (1702.7ms)[0m  [1m[35mCREATE DATABASE "seed_development" ENCODING = 'unicode'[0m
  [1m[35m (1055.4ms)[0m  [1m[35mCREATE DATABASE "seed_test" ENCODING = 'unicode'[0m
Started GET "/" for 127.0.0.1 at 2024-04-29 11:21:27 +0600
  [1m[35m (207.1ms)[0m  [1m[35mCREATE TABLE "schema_migrations" ("version" character varying NOT NULL PRIMARY KEY)[0m
  [1m[35m (145.6ms)[0m  [1m[35mCREATE TABLE "ar_internal_metadata" ("key" character varying NOT NULL PRIMARY KEY, "value" character varying, "created_at" timestamp(6) NOT NULL, "updated_at" timestamp(6) NOT NULL)[0m
  [1m[36mActiveRecord::SchemaMigration Load (1.4ms)[0m  [1m[34mSELECT "schema_migrations"."version" FROM "schema_migrations" ORDER BY "schema_migrations"."version" ASC[0m
Processing by Rails::WelcomeController#index as HTML
  Rendering /home/samiul/.asdf/installs/ruby/3.2.2/lib/ruby/gems/3.2.0/gems/railties-7.1.3.2/lib/rails/templates/rails/welcome/index.html.erb
  Rendered /home/samiul/.asdf/installs/ruby/3.2.2/lib/ruby/gems/3.2.0/gems/railties-7.1.3.2/lib/rails/templates/rails/welcome/index.html.erb (Duration: 4.9ms | Allocations: 376)
Completed 200 OK in 181ms (Views: 62.5ms | ActiveRecord: 0.0ms | Allocations: 7867)


Started GET "/" for 127.0.0.1 at 2024-04-29 11:25:55 +0600
  [1m[36mActiveRecord::SchemaMigration Load (2.1ms)[0m  [1m[34mSELECT "schema_migrations"."version" FROM "schema_migrations" ORDER BY "schema_migrations"."version" ASC[0m
Processing by Rails::WelcomeController#index as HTML
  Rendering /home/samiul/.asdf/installs/ruby/3.2.2/lib/ruby/gems/3.2.0/gems/railties-7.1.3.2/lib/rails/templates/rails/welcome/index.html.erb
  Rendered /home/samiul/.asdf/installs/ruby/3.2.2/lib/ruby/gems/3.2.0/gems/railties-7.1.3.2/lib/rails/templates/rails/welcome/index.html.erb (Duration: 4.8ms | Allocations: 376)
Completed 200 OK in 40ms (Views: 15.7ms | ActiveRecord: 0.0ms | Allocations: 4263)


Started GET "/rules" for 127.0.0.1 at 2024-04-29 11:26:01 +0600
  
ActionController::RoutingError (No route matches [GET] "/rules"):
  
Started GET "/Galleries" for 127.0.0.1 at 2024-04-29 11:26:14 +0600
  
ActionController::RoutingError (No route matches [GET] "/Galleries"):
  
Started GET "/galleries" for 127.0.0.1 at 2024-04-29 11:26:25 +0600
  
ActionController::RoutingError (No route matches [GET] "/galleries"):
  
Started GET "/" for 127.0.0.1 at 2024-04-29 11:28:28 +0600
  [1m[36mActiveRecord::SchemaMigration Load (1.5ms)[0m  [1m[34mSELECT "schema_migrations"."version" FROM "schema_migrations" ORDER BY "schema_migrations"."version" ASC[0m
Processing by Rails::WelcomeController#index as HTML
  Rendering /home/samiul/.asdf/installs/ruby/3.2.2/lib/ruby/gems/3.2.0/gems/railties-7.1.3.2/lib/rails/templates/rails/welcome/index.html.erb
  Rendered /home/samiul/.asdf/installs/ruby/3.2.2/lib/ruby/gems/3.2.0/gems/railties-7.1.3.2/lib/rails/templates/rails/welcome/index.html.erb (Duration: 3.6ms | Allocations: 376)
Completed 200 OK in 40ms (Views: 17.1ms | ActiveRecord: 0.0ms | Allocations: 4263)


Started GET "/galleries" for 127.0.0.1 at 2024-04-29 11:28:42 +0600
Processing by GalleriesController#index as HTML
  Rendering layout layouts/application.html.erb
  Rendering galleries/index.html.erb within layouts/application
  Rendered galleries/index.html.erb within layouts/application (Duration: 4.1ms | Allocations: 94)
  Rendered layout layouts/application.html.erb (Duration: 1862.8ms | Allocations: 99388)
Completed 200 OK in 1879ms (Views: 1872.6ms | ActiveRecord: 0.0ms | Allocations: 100294)


  [1m[35m (24.6ms)[0m  [1m[34mSELECT pg_try_advisory_lock(2485708496363771805)[0m
  [1m[36mActiveRecord::SchemaMigration Load (1.4ms)[0m  [1m[34mSELECT "schema_migrations"."version" FROM "schema_migrations" ORDER BY "schema_migrations"."version" ASC[0m
  [1m[36mActiveRecord::InternalMetadata Load (1.5ms)[0m  [1m[34mSELECT * FROM "ar_internal_metadata" WHERE "ar_internal_metadata"."key" = $1 ORDER BY "ar_internal_metadata"."key" ASC LIMIT 1[0m  [[nil, "environment"]]
  [1m[36mActiveRecord::InternalMetadata Create (68.9ms)[0m  [1m[32mINSERT INTO "ar_internal_metadata" ("key", "value", "created_at", "updated_at") VALUES ('environment', 'development', '2024-04-29 05:32:05.337810', '2024-04-29 05:32:05.337816') RETURNING "key"[0m
Migrating to CreateGalleries (20240429053035)
  [1m[36mTRANSACTION (0.3ms)[0m  [1m[35mBEGIN[0m
  [1m[35m (137.1ms)[0m  [1m[35mCREATE TABLE "galleries" ("id" bigserial primary key, "doclist" character varying, "docditails" text, "created_at" timestamp(6) NOT NULL, "updated_at" timestamp(6) NOT NULL)[0m
  [1m[36mActiveRecord::SchemaMigration Create (0.8ms)[0m  [1m[32mINSERT INTO "schema_migrations" ("version") VALUES ('20240429053035') RETURNING "version"[0m
  [1m[36mTRANSACTION (30.1ms)[0m  [1m[35mCOMMIT[0m
  [1m[35m (0.7ms)[0m  [1m[34mSELECT pg_advisory_unlock(2485708496363771805)[0m
  [1m[36mActiveRecord::SchemaMigration Load (0.9ms)[0m  [1m[34mSELECT "schema_migrations"."version" FROM "schema_migrations" ORDER BY "schema_migrations"."version" ASC[0m
  [1m[35m (0.4ms)[0m  [1m[34mSELECT pg_try_advisory_lock(2485708496363771805)[0m
  [1m[36mActiveRecord::SchemaMigration Load (1.0ms)[0m  [1m[34mSELECT "schema_migrations"."version" FROM "schema_migrations" ORDER BY "schema_migrations"."version" ASC[0m
  [1m[36mActiveRecord::InternalMetadata Load (1.1ms)[0m  [1m[34mSELECT * FROM "ar_internal_metadata" WHERE "ar_internal_metadata"."key" = $1 ORDER BY "ar_internal_metadata"."key" ASC LIMIT 1[0m  [[nil, "environment"]]
Migrating to AddNewDocToGallery (20240429053411)
  [1m[36mTRANSACTION (0.2ms)[0m  [1m[35mBEGIN[0m
  [1m[35m (3.9ms)[0m  [1m[35mALTER TABLE "galleries" ADD "primary" character varying[0m
  [1m[35m (70.5ms)[0m  [1m[35mALTER TABLE "galleries" ADD "secondary" character varying[0m
  [1m[36mActiveRecord::SchemaMigration Create (0.5ms)[0m  [1m[32mINSERT INTO "schema_migrations" ("version") VALUES ('20240429053411') RETURNING "version"[0m
  [1m[36mTRANSACTION (34.8ms)[0m  [1m[35mCOMMIT[0m
  [1m[35m (0.5ms)[0m  [1m[34mSELECT pg_advisory_unlock(2485708496363771805)[0m
  [1m[36mActiveRecord::SchemaMigration Load (0.6ms)[0m  [1m[34mSELECT "schema_migrations"."version" FROM "schema_migrations" ORDER BY "schema_migrations"."version" ASC[0m
  [1m[35m (109.5ms)[0m  [1m[35mCREATE DATABASE "seed_development" ENCODING = 'unicode'[0m
  [1m[35m (1.3ms)[0m  [1m[35mCREATE DATABASE "seed_test" ENCODING = 'unicode'[0m
Started GET "/" for 127.0.0.1 at 2024-04-29 11:38:47 +0600
  [1m[36mActiveRecord::SchemaMigration Load (1.4ms)[0m  [1m[34mSELECT "schema_migrations"."version" FROM "schema_migrations" ORDER BY "schema_migrations"."version" ASC[0m
Processing by Rails::WelcomeController#index as HTML
  Rendering /home/samiul/.asdf/installs/ruby/3.2.2/lib/ruby/gems/3.2.0/gems/railties-7.1.3.2/lib/rails/templates/rails/welcome/index.html.erb
  Rendered /home/samiul/.asdf/installs/ruby/3.2.2/lib/ruby/gems/3.2.0/gems/railties-7.1.3.2/lib/rails/templates/rails/welcome/index.html.erb (Duration: 2.2ms | Allocations: 376)
Completed 200 OK in 39ms (Views: 11.9ms | ActiveRecord: 0.0ms | Allocations: 4326)


Started GET "/galleries" for 127.0.0.1 at 2024-04-29 11:38:56 +0600
Processing by GalleriesController#index as HTML
  Rendering layout layouts/application.html.erb
  Rendering galleries/index.html.erb within layouts/application
  Rendered galleries/index.html.erb within layouts/application (Duration: 3.9ms | Allocations: 94)
  Rendered layout layouts/application.html.erb (Duration: 661.5ms | Allocations: 24391)
Completed 200 OK in 673ms (Views: 669.0ms | ActiveRecord: 0.0ms | Allocations: 25298)


